v8-version,11,8,172,15,-node.14,0
v8-platform,linux,linux
new,CodeRange,0x7f41867c0000,0
new,MemoryChunk,0x31c1105c0000,262144
new,MemoryChunk,0x30c653640000,262144
new,MemoryChunk,0x12d57b300000,262144
new,MemoryChunk,0x4454800000,262144
new,MemoryChunk,0x94621fc0000,262144
heap-capacity,1031008
heap-available,2198828736
new,MemoryChunk,0x329ab9a00000,262144
new,MemoryChunk,0x219579fc0000,270336
new,MemoryChunk,0x1c809f2c0000,262144
new,MemoryChunk,0x18f3e8a80000,262144
new,MemoryChunk,0x2301219c0000,262144
new,MemoryChunk,0x1842209c0000,262144
new,MemoryChunk,0x584a4140000,262144
new,MemoryChunk,0x29c3b3980000,262144
new,MemoryChunk,0xb1a7ec40000,262144
new,MemoryChunk,0x38da5a240000,262144
new,MemoryChunk,0x2a56f9ec0000,262144
new,MemoryChunk,0x2c1531040000,262144
new,MemoryChunk,0x7f41867c0000,262144
new,MemoryChunk,0x7f4186800000,262144
new,MemoryChunk,0x3ac7e8680000,262144
new,MemoryChunk,0xc7178300000,262144
new,MemoryChunk,0x1d927df40000,262144
new,MemoryChunk,0x13a35aec0000,262144
new,MemoryChunk,0x3601e9400000,262144
new,MemoryChunk,0x221497c0000,262144
new,MemoryChunk,0x132319cc0000,262144
new,MemoryChunk,0x2ec4df680000,262144
new,MemoryChunk,0x261841f80000,262144
new,MemoryChunk,0x1da3608c0000,262144
new,MemoryChunk,0x23c71a400000,262144
new,MemoryChunk,0x365b4bc80000,262144
new,MemoryChunk,0x163a96f00000,262144
new,MemoryChunk,0x128357a80000,262144
new,MemoryChunk,0x2bce40340000,262144
new,MemoryChunk,0x4de7c100000,262144
new,MemoryChunk,0x16ed5afc0000,262144
new,MemoryChunk,0xb1ec3200000,262144
new,MemoryChunk,0x373c84e00000,262144
new,MemoryChunk,0x11269d140000,262144
new,MemoryChunk,0xa5b80000000,262144
new,MemoryChunk,0x3a9efe500000,262144
new,MemoryChunk,0x2ea4b1c40000,262144
new,MemoryChunk,0xbe0c440000,262144
new,MemoryChunk,0x2e9801dc0000,262144
new,MemoryChunk,0x381856e40000,262144
new,MemoryChunk,0xb3b94c80000,143360
new,MemoryChunk,0x18b384540000,159744
new,MemoryChunk,0x10d828e80000,262144
new,MemoryChunk,0x28b8a1380000,262144
new,MemoryChunk,0xcf350100000,262144
new,MemoryChunk,0x1b938d300000,262144
new,MemoryChunk,0x2e5569800000,262144
new,MemoryChunk,0x2b0f1b980000,1208320
new,MemoryChunk,0x1a65c5a40000,1171456
new,MemoryChunk,0x2738daa40000,262144
new,MemoryChunk,0x35f971840000,262144
new,MemoryChunk,0x34bd4f640000,262144
new,MemoryChunk,0x25abb00c0000,262144
new,MemoryChunk,0x181278c80000,1171456
new,MemoryChunk,0x1b188d380000,262144
new,MemoryChunk,0x64f250c0000,262144
new,MemoryChunk,0x34e50f640000,262144
new,MemoryChunk,0x2dbc5ff80000,262144
new,MemoryChunk,0x353f23a00000,262144
new,MemoryChunk,0x384b30c80000,262144
new,MemoryChunk,0x342b8740000,262144
new,MemoryChunk,0x2a866f180000,262144
new,MemoryChunk,0x277826000000,262144
new,MemoryChunk,0x268cdfbc0000,262144
new,MemoryChunk,0x280317240000,262144
new,MemoryChunk,0x2577280c0000,262144
new,MemoryChunk,0x34852a6c0000,262144
new,MemoryChunk,0x322f0dc80000,262144
new,MemoryChunk,0x25ac26a80000,262144
new,MemoryChunk,0x333844d00000,262144
new,MemoryChunk,0x2656debc0000,262144
new,MemoryChunk,0x2131ba840000,262144
new,MemoryChunk,0x2d9d7fe00000,262144
new,MemoryChunk,0x3db236dc0000,262144
new,MemoryChunk,0x182909640000,262144
new,MemoryChunk,0x299b0200000,262144
new,MemoryChunk,0x255a47b00000,262144
new,MemoryChunk,0x201a4f6c0000,262144
new,MemoryChunk,0x104df9b80000,167936
new,MemoryChunk,0x1f1ee39c0000,147456
new,MemoryChunk,0x15849ca80000,262144
new,MemoryChunk,0x142a0cec0000,262144
new,MemoryChunk,0x1b0144e80000,262144
new,MemoryChunk,0x3e3575880000,262144
new,MemoryChunk,0x2372e8c40000,262144
new,MemoryChunk,0x684cb040000,262144
new,MemoryChunk,0x427fd800000,262144
delete,MemoryChunk,0x2b0f1b980000
delete,MemoryChunk,0x3e3575880000
delete,MemoryChunk,0x684cb040000
delete,MemoryChunk,0x427fd800000
delete,MemoryChunk,0x2372e8c40000
new,MemoryChunk,0x3983ed940000,262144
new,MemoryChunk,0xcd889a80000,5001216
new,MemoryChunk,0x357766d40000,262144
new,MemoryChunk,0x291ca000000,262144
new,MemoryChunk,0x377c3f900000,262144
new,MemoryChunk,0x3c4d36480000,262144
new,MemoryChunk,0x2a4719780000,262144
new,MemoryChunk,0xdd5cda40000,262144
new,MemoryChunk,0x2d0d640000,262144
new,MemoryChunk,0x1e62550c0000,262144
new,MemoryChunk,0x3b2a68a00000,262144
new,MemoryChunk,0x1e1b8f100000,262144
new,MemoryChunk,0xef52cc00000,262144
new,MemoryChunk,0x2afa21700000,262144
new,MemoryChunk,0x39ba8a040000,262144
new,MemoryChunk,0x64d85440000,262144
new,MemoryChunk,0x217f964c0000,262144
new,MemoryChunk,0x3127c4b80000,262144
new,MemoryChunk,0x207ac3cc0000,262144
new,MemoryChunk,0x2f1ce1580000,262144
new,MemoryChunk,0x2598cbc40000,262144
new,MemoryChunk,0x15ec02040000,262144
new,MemoryChunk,0x13c6faf80000,262144
new,MemoryChunk,0x2d15a4540000,262144
new,MemoryChunk,0x3a4d57b40000,262144
new,MemoryChunk,0x31f0744c0000,262144
new,MemoryChunk,0x367bd7780000,262144
new,MemoryChunk,0x2636d9040000,262144
new,MemoryChunk,0x305228c40000,262144
new,MemoryChunk,0x30c0843c0000,262144
new,MemoryChunk,0x173a04a80000,262144
new,MemoryChunk,0x2baf0e600000,262144
new,MemoryChunk,0x83112940000,262144
new,MemoryChunk,0x349b74bc0000,262144
new,MemoryChunk,0xf11311c0000,262144
new,MemoryChunk,0x21f646ec0000,262144
new,MemoryChunk,0xfe55c3c0000,225280
new,MemoryChunk,0x36b016ec0000,262144
new,MemoryChunk,0x151c72380000,262144
new,MemoryChunk,0x250fb4400000,262144
new,MemoryChunk,0x369a6ae40000,262144
new,MemoryChunk,0x7f4186840000,262144
new,MemoryChunk,0x2969662c0000,262144
new,MemoryChunk,0x248c4cd80000,262144
new,MemoryChunk,0x7f4186880000,262144
new,MemoryChunk,0x15090e380000,262144
new,MemoryChunk,0x3488d6040000,262144
new,MemoryChunk,0x385ac7b80000,262144
new,MemoryChunk,0x68259500000,262144
new,MemoryChunk,0x191da7d00000,262144
new,MemoryChunk,0x1907bd2c0000,339968
new,MemoryChunk,0x3536d6f00000,626688
new,MemoryChunk,0x3af0252c0000,262144
new,MemoryChunk,0x1610f4ec0000,262144
new,MemoryChunk,0x28bfe8a40000,262144
new,MemoryChunk,0x2c4d25600000,262144
new,MemoryChunk,0x7f41868c0000,262144
new,MemoryChunk,0x216af30c0000,262144
new,MemoryChunk,0x34a6b3000000,262144
new,MemoryChunk,0x24ab99d40000,262144
new,MemoryChunk,0x15e679f40000,262144
new,MemoryChunk,0x2c45190c0000,262144
new,MemoryChunk,0x319c2d00000,262144
new,MemoryChunk,0xc8865940000,262144
new,MemoryChunk,0x1840a1700000,262144
new,MemoryChunk,0x172b88a40000,262144
delete,MemoryChunk,0x216af30c0000
delete,MemoryChunk,0x2c4d25600000
delete,MemoryChunk,0x3ac7e8680000
delete,MemoryChunk,0x21f646ec0000
delete,MemoryChunk,0xf11311c0000
delete,MemoryChunk,0x349b74bc0000
delete,MemoryChunk,0x83112940000
delete,MemoryChunk,0x2baf0e600000
delete,MemoryChunk,0x173a04a80000
delete,MemoryChunk,0x30c0843c0000
delete,MemoryChunk,0x305228c40000
delete,MemoryChunk,0x2636d9040000
delete,MemoryChunk,0x367bd7780000
delete,MemoryChunk,0x31f0744c0000
delete,MemoryChunk,0x3a4d57b40000
delete,MemoryChunk,0x2d15a4540000
delete,MemoryChunk,0x13c6faf80000
delete,MemoryChunk,0x15ec02040000
delete,MemoryChunk,0x2598cbc40000
delete,MemoryChunk,0x3983ed940000
delete,MemoryChunk,0x3e3575880000
delete,MemoryChunk,0x684cb040000
delete,MemoryChunk,0x427fd800000
delete,MemoryChunk,0x2372e8c40000
delete,MemoryChunk,0x268cdfbc0000
delete,MemoryChunk,0x277826000000
delete,MemoryChunk,0x2a866f180000
delete,MemoryChunk,0x342b8740000
delete,MemoryChunk,0x384b30c80000
delete,MemoryChunk,0x353f23a00000
delete,MemoryChunk,0x2dbc5ff80000
delete,MemoryChunk,0x2f1ce1580000
delete,MemoryChunk,0x207ac3cc0000
delete,MemoryChunk,0x3127c4b80000
delete,MemoryChunk,0x217f964c0000
delete,MemoryChunk,0x64d85440000
delete,MemoryChunk,0x39ba8a040000
delete,MemoryChunk,0x2afa21700000
delete,MemoryChunk,0xef52cc00000
delete,MemoryChunk,0x1e1b8f100000
delete,MemoryChunk,0x3b2a68a00000
delete,MemoryChunk,0x1e62550c0000
delete,MemoryChunk,0x2d0d640000
delete,MemoryChunk,0xdd5cda40000
delete,MemoryChunk,0x2a4719780000
delete,MemoryChunk,0x3c4d36480000
delete,MemoryChunk,0x377c3f900000
delete,MemoryChunk,0x333844d00000
delete,MemoryChunk,0x25ac26a80000
delete,MemoryChunk,0x322f0dc80000
delete,MemoryChunk,0x2131ba840000
delete,MemoryChunk,0x2656debc0000
delete,MemoryChunk,0x34852a6c0000
delete,MemoryChunk,0x2577280c0000
delete,MemoryChunk,0x280317240000
delete,MemoryChunk,0x373c84e00000
delete,MemoryChunk,0xb1ec3200000
delete,MemoryChunk,0x16ed5afc0000
delete,MemoryChunk,0x4de7c100000
delete,MemoryChunk,0x13a35aec0000
delete,MemoryChunk,0x3601e9400000
delete,MemoryChunk,0x132319cc0000
delete,MemoryChunk,0x221497c0000
new,MemoryChunk,0x43686880000,262144
new,MemoryChunk,0x2d1c4ee40000,262144
new,MemoryChunk,0x21837bcc0000,262144
new,MemoryChunk,0x5fe61ec0000,262144
new,MemoryChunk,0x8a920e00000,262144
new,MemoryChunk,0x18dc73cc0000,262144
new,MemoryChunk,0x400883c0000,262144
delete,MemoryChunk,0x15e679f40000
delete,MemoryChunk,0x172b88a40000
delete,MemoryChunk,0xc8865940000
delete,MemoryChunk,0xc7178300000
delete,MemoryChunk,0x2ea4b1c40000
delete,MemoryChunk,0xa5b80000000
delete,MemoryChunk,0x11269d140000
delete,MemoryChunk,0x34e50f640000
new,MemoryChunk,0x7f4186900000,262144
new,MemoryChunk,0x7b010900000,262144
new,MemoryChunk,0x3b4b2740000,262144
new,MemoryChunk,0xa6e8b540000,262144
new,MemoryChunk,0x34f01d380000,262144
new,MemoryChunk,0x2e6ebcc00000,262144
new,MemoryChunk,0x3a0549980000,262144
new,MemoryChunk,0x176d56140000,262144
new,MemoryChunk,0x11e9ef280000,262144
new,MemoryChunk,0x3059d3700000,262144
new,MemoryChunk,0x37dbab800000,262144
new,MemoryChunk,0xf94f1480000,262144
new,MemoryChunk,0xc18b6240000,262144
new,MemoryChunk,0x7f4186940000,262144
