v8-version,11,8,172,15,-node.14,0
v8-platform,linux,linux
new,CodeRange,0x7fd7bafc0000,0
new,MemoryChunk,0x13c6fa100000,262144
new,MemoryChunk,0x8341a7c0000,262144
new,MemoryChunk,0x1e6496e80000,262144
new,MemoryChunk,0x38f702280000,262144
new,MemoryChunk,0xcd585800000,262144
heap-capacity,1031008
heap-available,2198828736
new,MemoryChunk,0x145837200000,262144
new,MemoryChunk,0x3e2a13980000,270336
new,MemoryChunk,0x2997dc340000,262144
new,MemoryChunk,0x2fe949100000,262144
new,MemoryChunk,0x2f25b4c80000,262144
new,MemoryChunk,0x3e796eb40000,262144
new,MemoryChunk,0x3f155f3c0000,262144
new,MemoryChunk,0x11f1c3040000,262144
new,MemoryChunk,0x3938ae580000,262144
new,MemoryChunk,0x3b76b0ec0000,262144
new,MemoryChunk,0x1aac9e680000,262144
new,MemoryChunk,0x41b71280000,262144
new,MemoryChunk,0x7fd7bafc0000,262144
new,MemoryChunk,0x7fd7bb000000,262144
new,MemoryChunk,0x39f8bd640000,262144
new,MemoryChunk,0x3b3767480000,262144
new,MemoryChunk,0x2ad753e40000,262144
new,MemoryChunk,0xcc52fc80000,262144
new,MemoryChunk,0x61beb640000,262144
new,MemoryChunk,0x28dab00000,262144
new,MemoryChunk,0xf68f4f40000,262144
new,MemoryChunk,0x3ab97a880000,262144
new,MemoryChunk,0x3c5df6c0000,262144
new,MemoryChunk,0xe4e3d40000,262144
new,MemoryChunk,0x13f8c6980000,262144
new,MemoryChunk,0x28b271040000,262144
new,MemoryChunk,0x364c7ac00000,262144
new,MemoryChunk,0x6858fe40000,262144
new,MemoryChunk,0x28edccac0000,262144
new,MemoryChunk,0x11f252400000,262144
new,MemoryChunk,0x1493245c0000,262144
new,MemoryChunk,0x15b199480000,262144
new,MemoryChunk,0x331badcc0000,262144
new,MemoryChunk,0x2560c43c0000,262144
new,MemoryChunk,0x1ae2ea840000,262144
new,MemoryChunk,0x15ea6f040000,262144
new,MemoryChunk,0x1d363b380000,262144
new,MemoryChunk,0x3a697bfc0000,262144
new,MemoryChunk,0x2ab69c740000,262144
new,MemoryChunk,0x35c8cddc0000,262144
new,MemoryChunk,0x37a4c9040000,143360
new,MemoryChunk,0x1c66c4600000,159744
new,MemoryChunk,0x2b5532400000,262144
new,MemoryChunk,0x272e93cc0000,262144
new,MemoryChunk,0x233d08f00000,262144
new,MemoryChunk,0x3e5fbbe00000,262144
new,MemoryChunk,0x1f8fa9200000,262144
new,MemoryChunk,0x34b409a00000,1208320
new,MemoryChunk,0x3174b1f40000,1171456
new,MemoryChunk,0x35b7e3480000,262144
new,MemoryChunk,0x10fde2000000,262144
new,MemoryChunk,0x368571080000,262144
new,MemoryChunk,0x15a4fb140000,262144
new,MemoryChunk,0x321c0be40000,1171456
new,MemoryChunk,0xec2aa0c0000,262144
new,MemoryChunk,0x3a6f617c0000,262144
new,MemoryChunk,0x995f3180000,262144
new,MemoryChunk,0x3c6660340000,262144
new,MemoryChunk,0x280546000000,262144
new,MemoryChunk,0x14ea070c0000,262144
new,MemoryChunk,0x11581da80000,262144
new,MemoryChunk,0x8e744d00000,262144
new,MemoryChunk,0x2b8bcc00000,262144
new,MemoryChunk,0x379ce34c0000,262144
new,MemoryChunk,0x2e37b9d80000,262144
new,MemoryChunk,0x33ba9ef00000,262144
new,MemoryChunk,0x3483bdc0000,262144
new,MemoryChunk,0x25260800000,262144
new,MemoryChunk,0x24857be40000,262144
new,MemoryChunk,0x1bbc31140000,262144
new,MemoryChunk,0x3561c5800000,262144
new,MemoryChunk,0x683d5f80000,262144
new,MemoryChunk,0x3a0b84340000,262144
new,MemoryChunk,0x1cfd68240000,262144
new,MemoryChunk,0x3e1854340000,262144
new,MemoryChunk,0x289a5fa40000,262144
new,MemoryChunk,0x35841f80000,262144
new,MemoryChunk,0xf0d7dc0000,262144
new,MemoryChunk,0x7e8beac0000,167936
new,MemoryChunk,0x16f590cc0000,147456
new,MemoryChunk,0x2e48267c0000,262144
new,MemoryChunk,0xba246b40000,262144
new,MemoryChunk,0x19f1002c0000,262144
new,MemoryChunk,0x3b34e83c0000,262144
new,MemoryChunk,0x26a2d8d00000,262144
new,MemoryChunk,0x3f5f96f80000,262144
new,MemoryChunk,0x2d756a380000,262144
delete,MemoryChunk,0x34b409a00000
delete,MemoryChunk,0x3f5f96f80000
delete,MemoryChunk,0x19f1002c0000
delete,MemoryChunk,0x3b34e83c0000
delete,MemoryChunk,0x26a2d8d00000
new,MemoryChunk,0x1a4365480000,262144
new,MemoryChunk,0x3b0c43940000,5001216
new,MemoryChunk,0xef715d40000,262144
new,MemoryChunk,0x119c06340000,262144
new,MemoryChunk,0x2834267c0000,262144
new,MemoryChunk,0x3178efa80000,262144
new,MemoryChunk,0x281d97240000,262144
new,MemoryChunk,0x376534780000,262144
new,MemoryChunk,0x3e31d5fc0000,262144
new,MemoryChunk,0x1d1c54b40000,262144
new,MemoryChunk,0x31c296b00000,262144
new,MemoryChunk,0x29df48040000,262144
new,MemoryChunk,0x3c80e5400000,262144
new,MemoryChunk,0x316cbef00000,262144
new,MemoryChunk,0x113e3bdc0000,262144
new,MemoryChunk,0x20acf82c0000,262144
new,MemoryChunk,0x29ecd0280000,262144
new,MemoryChunk,0x3ddf5f00000,262144
new,MemoryChunk,0x24d1df500000,262144
new,MemoryChunk,0x320450700000,262144
new,MemoryChunk,0x1da11a740000,262144
new,MemoryChunk,0x15e3500000,262144
new,MemoryChunk,0x2f74fc580000,262144
new,MemoryChunk,0x29f59d940000,262144
new,MemoryChunk,0x17905c140000,262144
new,MemoryChunk,0x91a20080000,262144
new,MemoryChunk,0xe06cb2c0000,262144
new,MemoryChunk,0x21a09b040000,262144
new,MemoryChunk,0x3ba5880000,262144
new,MemoryChunk,0x2ca2c0540000,262144
new,MemoryChunk,0x1f4a02c00000,262144
new,MemoryChunk,0x3f740a100000,262144
new,MemoryChunk,0x29e6ba100000,262144
new,MemoryChunk,0x2b30b3cc0000,262144
new,MemoryChunk,0x3e23cf380000,262144
new,MemoryChunk,0x3d3a57e40000,262144
new,MemoryChunk,0x32a542ec0000,225280
new,MemoryChunk,0x2cfb304c0000,262144
new,MemoryChunk,0x3cc103e80000,262144
new,MemoryChunk,0x33837b700000,262144
new,MemoryChunk,0x7da00080000,262144
new,MemoryChunk,0x7fd7bb040000,262144
new,MemoryChunk,0x17bf1e400000,262144
new,MemoryChunk,0x1c6a79c40000,262144
new,MemoryChunk,0x7fd7bb080000,262144
new,MemoryChunk,0x3ad588fc0000,262144
new,MemoryChunk,0xa13cf680000,262144
new,MemoryChunk,0x8a52ab40000,262144
new,MemoryChunk,0x1a9c66080000,262144
new,MemoryChunk,0x2362d5880000,262144
new,MemoryChunk,0x3d7f7bd80000,262144
new,MemoryChunk,0x3f718c480000,339968
new,MemoryChunk,0x17c3da700000,626688
new,MemoryChunk,0x1ec094240000,262144
new,MemoryChunk,0x31615bdc0000,262144
new,MemoryChunk,0x2eeb79940000,262144
new,MemoryChunk,0x7fd7bb0c0000,262144
new,MemoryChunk,0x171139ac0000,262144
new,MemoryChunk,0x1c4ec3340000,262144
new,MemoryChunk,0x3159de880000,262144
new,MemoryChunk,0x2e430df00000,262144
new,MemoryChunk,0x49049c0000,262144
new,MemoryChunk,0x3fdf90400000,262144
new,MemoryChunk,0x1dc23d580000,262144
new,MemoryChunk,0x28ca77c40000,262144
delete,MemoryChunk,0x171139ac0000
delete,MemoryChunk,0x2eeb79940000
delete,MemoryChunk,0x39f8bd640000
delete,MemoryChunk,0x3b3767480000
delete,MemoryChunk,0x3d3a57e40000
delete,MemoryChunk,0x3e23cf380000
delete,MemoryChunk,0x2b30b3cc0000
delete,MemoryChunk,0x29e6ba100000
delete,MemoryChunk,0x3f740a100000
delete,MemoryChunk,0x1f4a02c00000
delete,MemoryChunk,0x2ca2c0540000
delete,MemoryChunk,0x3ba5880000
delete,MemoryChunk,0x21a09b040000
delete,MemoryChunk,0xe06cb2c0000
delete,MemoryChunk,0x91a20080000
delete,MemoryChunk,0x17905c140000
delete,MemoryChunk,0x29f59d940000
delete,MemoryChunk,0x2f74fc580000
delete,MemoryChunk,0x15e3500000
delete,MemoryChunk,0x1da11a740000
delete,MemoryChunk,0x1a4365480000
delete,MemoryChunk,0x3f5f96f80000
delete,MemoryChunk,0x19f1002c0000
delete,MemoryChunk,0x3b34e83c0000
delete,MemoryChunk,0x26a2d8d00000
delete,MemoryChunk,0x379ce34c0000
delete,MemoryChunk,0x2b8bcc00000
delete,MemoryChunk,0x8e744d00000
delete,MemoryChunk,0x11581da80000
delete,MemoryChunk,0x14ea070c0000
delete,MemoryChunk,0x280546000000
delete,MemoryChunk,0x3c6660340000
delete,MemoryChunk,0x320450700000
delete,MemoryChunk,0x24d1df500000
delete,MemoryChunk,0x3ddf5f00000
delete,MemoryChunk,0x29ecd0280000
delete,MemoryChunk,0x20acf82c0000
delete,MemoryChunk,0x113e3bdc0000
delete,MemoryChunk,0x316cbef00000
delete,MemoryChunk,0x3c80e5400000
delete,MemoryChunk,0x29df48040000
delete,MemoryChunk,0x31c296b00000
delete,MemoryChunk,0x1d1c54b40000
delete,MemoryChunk,0x3e31d5fc0000
delete,MemoryChunk,0x376534780000
delete,MemoryChunk,0x281d97240000
delete,MemoryChunk,0x3178efa80000
delete,MemoryChunk,0x2834267c0000
delete,MemoryChunk,0x1bbc31140000
delete,MemoryChunk,0x24857be40000
delete,MemoryChunk,0x25260800000
delete,MemoryChunk,0x683d5f80000
delete,MemoryChunk,0x3561c5800000
delete,MemoryChunk,0x3483bdc0000
delete,MemoryChunk,0x33ba9ef00000
delete,MemoryChunk,0x2e37b9d80000
delete,MemoryChunk,0x331badcc0000
delete,MemoryChunk,0x15b199480000
delete,MemoryChunk,0x1493245c0000
delete,MemoryChunk,0x11f252400000
delete,MemoryChunk,0xcc52fc80000
delete,MemoryChunk,0x61beb640000
delete,MemoryChunk,0x28dab00000
delete,MemoryChunk,0xf68f4f40000
new,MemoryChunk,0x1b673f000000,262144
new,MemoryChunk,0x930f2080000,262144
new,MemoryChunk,0x14048bbc0000,262144
new,MemoryChunk,0x179891f00000,262144
new,MemoryChunk,0x225ca3c40000,262144
delete,MemoryChunk,0x1d363b380000
delete,MemoryChunk,0x1ae2ea840000
delete,MemoryChunk,0x2560c43c0000
delete,MemoryChunk,0x995f3180000
